2025-10-30 23:07:00,195 - INFO - 开始爬取IEEE期刊论文数据...
2025-10-30 23:07:00,195 - INFO - 开始获取所有期的isnumber...
2025-10-30 23:07:02,777 - INFO - 成功获取 0 个期的isnumber
2025-10-30 23:07:02,821 - INFO - 爬取完成，共获取 0 篇论文数据
2025-10-30 23:07:02,822 - INFO - 数据已成功保存到 ieee_papers.json
2025-10-30 23:07:39,783 - INFO - 开始爬取IEEE期刊论文数据...
2025-10-30 23:07:39,783 - INFO - 开始获取所有期的isnumber...
2025-10-30 23:07:44,252 - INFO - 成功获取 0 个期的isnumber
2025-10-30 23:07:44,267 - INFO - 爬取完成，共获取 0 篇论文数据
2025-10-30 23:07:44,267 - INFO - 数据已成功保存到 ieee_papers.json
2025-10-30 23:10:20,580 - INFO - 开始爬取IEEE期刊论文数据...
2025-10-30 23:10:20,580 - INFO - 开始获取所有期的isnumber...
2025-10-30 23:10:23,121 - INFO - 获取页面 https://ieeexplore.ieee.org/xpl/issues?punumber=34 状态码: 200
2025-10-30 23:10:23,124 - INFO - 尝试第二种方式提取isnumber...
2025-10-30 23:10:23,125 - INFO - 成功获取 0 个期的isnumber
2025-10-30 23:10:23,125 - WARNING - 未获取到任何期的isnumber，可能是解析逻辑需要调整
2025-10-30 23:10:23,125 - INFO - 尝试使用测试isnumbers: ['11192800', '10269680']
2025-10-30 23:10:23,140 - INFO - 获取期 isnumber=11192800 的论文链接...
2025-10-30 23:10:27,679 - INFO - 获取页面 https://ieeexplore.ieee.org/xpl/tocresult.jsp?isnumber=11192800&punumber=34 状态码: 200
2025-10-30 23:10:27,682 - INFO - 期 isnumber=11192800 包含 0 篇论文
2025-10-30 23:10:27,682 - INFO - 获取期 isnumber=10269680 的论文链接...
2025-10-30 23:10:30,982 - INFO - 获取页面 https://ieeexplore.ieee.org/xpl/tocresult.jsp?isnumber=10269680&punumber=34 状态码: 200
2025-10-30 23:10:30,985 - INFO - 期 isnumber=10269680 包含 0 篇论文
2025-10-30 23:10:30,985 - INFO - 爬取完成，共获取 0 篇论文数据
2025-10-30 23:10:30,986 - INFO - 数据已成功保存到 ieee_papers.json
2025-10-30 23:12:59,821 - INFO - 开始爬取IEEE期刊论文数据...
2025-10-30 23:12:59,821 - INFO - 开始获取所有期的isnumber...
2025-10-30 23:13:04,170 - INFO - 获取页面 https://ieeexplore.ieee.org/xpl/issues?punumber=34 状态码: 200
2025-10-30 23:13:04,173 - INFO - 找到 0 个可能的issue链接
2025-10-30 23:13:04,173 - INFO - 成功获取 0 个期的isnumber
2025-10-30 23:13:04,173 - WARNING - 未获取到任何期的isnumber，使用测试数据
2025-10-30 23:13:04,188 - INFO - 获取期 isnumber=11192800 的论文链接...
2025-10-30 23:13:06,314 - INFO - 获取页面 https://ieeexplore.ieee.org/xpl/tocresult.jsp?isnumber=11192800&punumber=34 状态码: 200
2025-10-30 23:13:06,317 - INFO - 期 isnumber=11192800 包含 0 篇论文
2025-10-30 23:13:06,317 - INFO - 获取期 isnumber=11163533 的论文链接...
2025-10-30 23:13:09,401 - INFO - 获取页面 https://ieeexplore.ieee.org/xpl/tocresult.jsp?isnumber=11163533&punumber=34 状态码: 200
2025-10-30 23:13:09,404 - INFO - 期 isnumber=11163533 包含 0 篇论文
2025-10-30 23:13:09,404 - INFO - 爬取完成，共获取 0 篇论文数据
2025-10-30 23:13:09,405 - INFO - 数据已成功保存到 ieee_papers.json
2025-10-30 23:14:22,160 - INFO - 开始爬取IEEE期刊论文数据...
2025-10-30 23:14:22,160 - INFO - 开始获取所有期的isnumber...
2025-10-30 23:14:24,583 - INFO - 获取页面 https://ieeexplore.ieee.org/xpl/issues?punumber=34 状态码: 200
2025-10-30 23:14:24,586 - INFO - 找到 0 个可能的issue链接
2025-10-30 23:14:24,587 - INFO - 成功获取 0 个期的isnumber
2025-10-30 23:14:24,587 - WARNING - 未获取到任何期的isnumber，使用测试数据
2025-10-30 23:14:24,601 - INFO - 获取期 isnumber=11192800 的论文链接...
2025-10-30 23:14:28,087 - INFO - 获取页面 https://ieeexplore.ieee.org/xpl/tocresult.jsp?isnumber=11192800&punumber=34 状态码: 200
2025-10-30 23:14:28,090 - INFO - 期 isnumber=11192800 包含 0 篇论文
2025-10-30 23:14:28,090 - INFO - 获取期 isnumber=11163533 的论文链接...
2025-10-30 23:14:32,461 - INFO - 获取页面 https://ieeexplore.ieee.org/xpl/tocresult.jsp?isnumber=11163533&punumber=34 状态码: 200
2025-10-30 23:14:32,464 - INFO - 期 isnumber=11163533 包含 0 篇论文
2025-10-30 23:14:32,465 - INFO - 爬取完成，共获取 0 篇论文数据
2025-10-30 23:14:32,465 - INFO - 数据已成功保存到 ieee_papers.json
2025-10-30 23:17:52,751 - INFO - 开始爬取IEEE期刊论文数据...
2025-10-30 23:17:52,751 - INFO - 开始获取所有期的isnumber...
2025-10-30 23:17:56,287 - INFO - 获取页面 https://ieeexplore.ieee.org/xpl/issues?punumber=34 状态码: 200
2025-10-30 23:17:56,288 - INFO - HTML内容已保存到 html_cache/issues_list.html
2025-10-30 23:17:56,291 - INFO - 期刊列表页面内容长度: 36303 字符
2025-10-30 23:17:56,292 - INFO - 找到 0 个可能的issue链接
2025-10-30 23:17:56,292 - INFO - 尝试更通用的链接选择器...
2025-10-30 23:17:56,292 - INFO - 成功获取 0 个期的isnumber
2025-10-30 23:17:56,292 - WARNING - 未获取到任何期的isnumber，使用测试数据
2025-10-30 23:17:56,306 - INFO - 获取期 isnumber=11192800 的论文链接...
2025-10-30 23:17:59,392 - INFO - 获取页面 https://ieeexplore.ieee.org/xpl/tocresult.jsp?isnumber=11192800&punumber=34 状态码: 200
2025-10-30 23:17:59,393 - INFO - HTML内容已保存到 html_cache/issue_11192800.html
2025-10-30 23:17:59,397 - INFO - 期 11192800 页面内容长度: 36279 字符
2025-10-30 23:17:59,397 - INFO - 尝试更通用的论文链接选择器...
2025-10-30 23:17:59,397 - INFO - 期 isnumber=11192800 包含 0 篇论文
2025-10-30 23:17:59,398 - INFO - 获取期 isnumber=11163533 的论文链接...
2025-10-30 23:18:02,738 - INFO - 获取页面 https://ieeexplore.ieee.org/xpl/tocresult.jsp?isnumber=11163533&punumber=34 状态码: 200
2025-10-30 23:18:02,739 - INFO - HTML内容已保存到 html_cache/issue_11163533.html
2025-10-30 23:18:02,743 - INFO - 期 11163533 页面内容长度: 36278 字符
2025-10-30 23:18:02,743 - INFO - 尝试更通用的论文链接选择器...
2025-10-30 23:18:02,743 - INFO - 期 isnumber=11163533 包含 0 篇论文
2025-10-30 23:18:02,743 - INFO - 爬取完成，共获取 0 篇论文数据
2025-10-30 23:18:02,744 - INFO - 数据已成功保存到 ieee_papers.json
2025-10-30 23:20:03,008 - INFO - ====== WebDriver manager ======
2025-10-30 23:20:06,666 - INFO - Get LATEST chromedriver version for google-chrome
2025-10-30 23:20:07,055 - INFO - Get LATEST chromedriver version for google-chrome
2025-10-30 23:20:07,403 - INFO - There is no [win64] chromedriver "142.0.7444.59" for browser google-chrome "142.0.7444" in cache
2025-10-30 23:20:07,403 - INFO - Get LATEST chromedriver version for google-chrome
2025-10-30 23:20:08,266 - INFO - WebDriver version 142.0.7444.59 selected
2025-10-30 23:20:08,269 - INFO - Modern chrome version https://storage.googleapis.com/chrome-for-testing-public/142.0.7444.59/win32/chromedriver-win32.zip
2025-10-30 23:20:08,269 - INFO - About to download new driver from https://storage.googleapis.com/chrome-for-testing-public/142.0.7444.59/win32/chromedriver-win32.zip
2025-10-30 23:20:08,550 - INFO - Driver downloading response is 200
2025-10-30 23:20:08,911 - INFO - Get LATEST chromedriver version for google-chrome
2025-10-30 23:20:09,264 - INFO - Driver has been saved in cache [C:\Users\Administrator\.wdm\drivers\chromedriver\win64\142.0.7444.59]
2025-10-30 23:20:10,689 - INFO - 开始爬取IEEE期刊论文数据...
2025-10-30 23:20:10,690 - INFO - 开始获取所有期的isnumber...
2025-10-30 23:20:18,117 - INFO - 获取页面 https://ieeexplore.ieee.org/xpl/issues?punumber=34
2025-10-30 23:20:20,204 - INFO - HTML内容已保存到 html_cache/issues_list.html
2025-10-30 23:20:20,219 - INFO - 期刊列表页面内容长度: 246913 字符
2025-10-30 23:20:20,221 - INFO - 找到 11 个可能的issue链接
2025-10-30 23:20:20,221 - INFO - 成功获取 11 个期的isnumber
2025-10-30 23:20:20,234 - INFO - 获取期 isnumber=10777928 的论文链接...
2025-10-30 23:20:25,676 - INFO - 获取页面 https://ieeexplore.ieee.org/xpl/tocresult.jsp?isnumber=10777928&punumber=34
2025-10-30 23:20:26,713 - INFO - HTML内容已保存到 html_cache/issue_10777928.html
2025-10-30 23:20:26,727 - INFO - 期 10777928 页面内容长度: 238151 字符
2025-10-30 23:20:26,728 - INFO - 尝试更通用的论文链接选择器...
2025-10-30 23:20:26,728 - INFO - 期 isnumber=10777928 包含 0 篇论文
2025-10-30 23:20:26,729 - INFO - 获取期 isnumber=10835210 的论文链接...
2025-10-30 23:20:32,047 - INFO - 获取页面 https://ieeexplore.ieee.org/xpl/tocresult.jsp?isnumber=10835210&punumber=34
2025-10-30 23:20:34,578 - INFO - HTML内容已保存到 html_cache/issue_10835210.html
2025-10-30 23:20:34,594 - INFO - 期 10835210 页面内容长度: 239520 字符
2025-10-30 23:20:34,595 - INFO - 尝试更通用的论文链接选择器...
2025-10-30 23:20:34,595 - INFO - 期 isnumber=10835210 包含 0 篇论文
2025-10-30 23:20:34,596 - INFO - 爬取完成，共获取 0 篇论文数据
2025-10-30 23:20:36,764 - INFO - 数据已成功保存到 ieee_papers.json
2025-10-30 23:24:51,094 - INFO - ====== WebDriver manager ======
2025-10-30 23:24:54,207 - INFO - Get LATEST chromedriver version for google-chrome
2025-10-30 23:24:54,529 - INFO - Get LATEST chromedriver version for google-chrome
2025-10-30 23:24:54,847 - INFO - Driver [C:\Users\Administrator\.wdm\drivers\chromedriver\win64\142.0.7444.59\chromedriver-win32/chromedriver.exe] found in cache
2025-10-30 23:24:56,059 - INFO - 开始爬取IEEE期刊论文数据...
2025-10-30 23:24:56,059 - INFO - 开始获取所有年代、所有年份的isnumber...
2025-10-30 23:25:02,527 - INFO - 获取页面 https://ieeexplore.ieee.org/xpl/issues?punumber=34
2025-10-30 23:25:08,047 - INFO - HTML内容已保存到 html_cache/issues_list.html
2025-10-30 23:25:08,172 - INFO - 找到年代标签: ['2020s', '2010s', '2000s', '1990s', '1980s', '1970s']
2025-10-30 23:25:08,172 - INFO - 处理年代: 2020s
2025-10-30 23:25:10,491 - WARNING - 点击元素 ('xpath', '//div[contains(@class, "issue-details-past-tabs") and not(contains(@class, "year"))]//a[text()="2020s"]') 失败: Message: element click intercepted: Element <a _ngcontent-ng-c3237329536="">...</a> is not clickable at point (67, 10). Other element would receive the click: <li _ngcontent-ng-c3237329536="" class="active">...</li>
  (Session info: chrome=142.0.7444.60); For documentation on this error, please visit: https://www.selenium.dev/documentation/webdriver/troubleshooting/errors#elementclickinterceptedexception
Stacktrace:
Symbols not available. Dumping unresolved backtrace:
	0x3558c3
	0x355904
	0x16e76d
	0x1c05e0
	0x1be943
	0x1bc3e7
	0x1bb65d
	0x1afdf5
	0x1dc96c
	0x1af854
	0x1dcb24
	0x1feea6
	0x1dc766
	0x1adac0
	0x1aede4
	0x5d7974
	0x5d2bea
	0x37e5b4
	0x36dd28
	0x374d8d
	0x35ded8
	0x35e09c
	0x347d1a
	0x76f100c9
	0x772b7b1e
	0x772b7aee
	0

2025-10-30 23:25:10,511 - INFO - 使用JavaScript点击元素: ('xpath', '//div[contains(@class, "issue-details-past-tabs") and not(contains(@class, "year"))]//a[text()="2020s"]')
2025-10-30 23:25:31,065 - WARNING - JavaScript点击元素 ('xpath', '//div[contains(@class, "issue-details-past-tabs") and not(contains(@class, "year"))]//a[text()="2020s"]') 失败: Message: 
Stacktrace:
Symbols not available. Dumping unresolved backtrace:
	0x3558c3
	0x355904
	0x16e76d
	0x1ba09d
	0x1ba47b
	0x201802
	0x1dc9b4
	0x1feea6
	0x1dc766
	0x1adac0
	0x1aede4
	0x5d7974
	0x5d2bea
	0x37e5b4
	0x36dd28
	0x374d8d
	0x35ded8
	0x35e09c
	0x347d1a
	0x76f100c9
	0x772b7b1e
	0x772b7aee
	0

2025-10-30 23:25:33,780 - WARNING - 点击元素 ('xpath', '//div[contains(@class, "issue-details-past-tabs") and not(contains(@class, "year"))]//a[text()="2020s"]') 失败: Message: element click intercepted: Element <a _ngcontent-ng-c3237329536="">...</a> is not clickable at point (67, 10). Other element would receive the click: <li _ngcontent-ng-c3237329536="" class="active">...</li>
  (Session info: chrome=142.0.7444.60); For documentation on this error, please visit: https://www.selenium.dev/documentation/webdriver/troubleshooting/errors#elementclickinterceptedexception
Stacktrace:
Symbols not available. Dumping unresolved backtrace:
	0x3558c3
	0x355904
	0x16e76d
	0x1c05e0
	0x1be943
	0x1bc3e7
	0x1bb65d
	0x1afdf5
	0x1dc96c
	0x1af854
	0x1dcb24
	0x1feea6
	0x1dc766
	0x1adac0
	0x1aede4
	0x5d7974
	0x5d2bea
	0x37e5b4
	0x36dd28
	0x374d8d
	0x35ded8
	0x35e09c
	0x347d1a
	0x76f100c9
	0x772b7b1e
	0x772b7aee
	0

2025-10-30 23:25:33,796 - INFO - 使用JavaScript点击元素: ('xpath', '//div[contains(@class, "issue-details-past-tabs") and not(contains(@class, "year"))]//a[text()="2020s"]')
2025-10-30 23:25:53,251 - INFO - HTML内容已保存到 html_cache/decades/decade_2020s.html
2025-10-30 23:25:53,362 - INFO - 年代 2020s 包含年份: ['2025', '2024', '2023', '2022', '2021', '2020']
2025-10-30 23:25:53,363 - INFO - 处理年份: 2025
2025-10-30 23:28:52,541 - INFO - ====== WebDriver manager ======
2025-10-30 23:28:55,601 - INFO - Get LATEST chromedriver version for google-chrome
2025-10-30 23:28:56,110 - INFO - Get LATEST chromedriver version for google-chrome
2025-10-30 23:28:56,854 - INFO - Driver [C:\Users\Administrator\.wdm\drivers\chromedriver\win64\142.0.7444.59\chromedriver-win32/chromedriver.exe] found in cache
2025-10-30 23:28:57,986 - INFO - 开始爬取IEEE期刊论文数据...
2025-10-30 23:28:57,987 - INFO - 开始获取所有年代、所有年份的isnumber...
2025-10-30 23:29:06,971 - INFO - 获取页面 https://ieeexplore.ieee.org/xpl/issues?punumber=34
2025-10-30 23:29:09,372 - INFO - HTML内容已保存到 html_cache/issues_list.html
2025-10-30 23:29:09,523 - INFO - 找到年代标签: ['2020s', '2010s', '2000s', '1990s', '1980s', '1970s']
2025-10-30 23:29:09,537 - INFO - 
===== 开始处理年代: 2020s =====
2025-10-30 23:29:12,188 - WARNING - 点击元素 ('xpath', '//div[contains(@class, "issue-details-past-tabs") and not(contains(@class, "year"))]//a[text()="2020s"]') 失败: Message: element click intercepted: Element <a _ngcontent-ng-c3237329536="">...</a> is not clickable at point (67, 624). Other element would receive the click: <li _ngcontent-ng-c3237329536="" class="active">...</li>
  (Session info: chrome=142.0.7444.60); For documentation on this error, please visit: https://www.selenium.dev/documentation/webdriver/troubleshooting/errors#elementclickinterceptedexception
Stacktrace:
Symbols not available. Dumping unresolved backtrace:
	0x3558c3
	0x355904
	0x16e76d
	0x1c05e0
	0x1be943
	0x1bc3e7
	0x1bb65d
	0x1afdf5
	0x1dc96c
	0x1af854
	0x1dcb24
	0x1feea6
	0x1dc766
	0x1adac0
	0x1aede4
	0x5d7974
	0x5d2bea
	0x37e5b4
	0x36dd28
	0x374d8d
	0x35ded8
	0x35e09c
	0x347d1a
	0x76f100c9
	0x772b7b1e
	0x772b7aee
	0

2025-10-30 23:29:16,021 - INFO - 使用JavaScript点击元素: ('xpath', '//div[contains(@class, "issue-details-past-tabs") and not(contains(@class, "year"))]//a[text()="2020s"]')
2025-10-30 23:29:17,336 - INFO - HTML内容已保存到 html_cache/decades/decade_2020s.html
2025-10-30 23:29:17,435 - INFO - 年代 2020s 包含年份: ['2025', '2024', '2023', '2022', '2021', '2020']
2025-10-30 23:29:17,436 - INFO - 处理年份: 2025
2025-10-30 23:29:19,244 - INFO - 点击元素: ('xpath', '//div[contains(@class, "issue-details-past-tabs") and contains(@class, "year")]//a[text()="2025"]')
2025-10-30 23:29:22,978 - INFO - HTML内容已保存到 html_cache/years/year_2025.html
2025-10-30 23:29:23,003 - INFO - 年份 2025 找到 11 个可能的issue链接
2025-10-30 23:29:23,003 - INFO - 处理年份: 2024
2025-10-30 23:29:24,758 - INFO - 点击元素: ('xpath', '//div[contains(@class, "issue-details-past-tabs") and contains(@class, "year")]//a[text()="2024"]')
2025-10-30 23:29:30,152 - INFO - HTML内容已保存到 html_cache/years/year_2024.html
2025-10-30 23:29:30,177 - INFO - 年份 2024 找到 12 个可能的issue链接
2025-10-30 23:29:30,177 - INFO - 处理年份: 2023
2025-10-30 23:29:31,686 - INFO - 点击元素: ('xpath', '//div[contains(@class, "issue-details-past-tabs") and contains(@class, "year")]//a[text()="2023"]')
2025-10-30 23:29:37,559 - INFO - HTML内容已保存到 html_cache/years/year_2023.html
2025-10-30 23:29:37,582 - INFO - 年份 2023 找到 12 个可能的issue链接
2025-10-30 23:29:37,583 - INFO - 处理年份: 2022
2025-10-30 23:29:39,085 - INFO - 点击元素: ('xpath', '//div[contains(@class, "issue-details-past-tabs") and contains(@class, "year")]//a[text()="2022"]')
2025-10-30 23:29:44,270 - INFO - HTML内容已保存到 html_cache/years/year_2022.html
2025-10-30 23:29:44,293 - INFO - 年份 2022 找到 17 个可能的issue链接
2025-10-30 23:29:44,294 - INFO - 处理年份: 2021
2025-10-30 23:29:46,274 - INFO - 点击元素: ('xpath', '//div[contains(@class, "issue-details-past-tabs") and contains(@class, "year")]//a[text()="2021"]')
2025-10-30 23:29:52,264 - INFO - HTML内容已保存到 html_cache/years/year_2021.html
2025-10-30 23:29:52,287 - INFO - 年份 2021 找到 12 个可能的issue链接
2025-10-30 23:29:52,287 - INFO - 处理年份: 2020
2025-10-30 23:29:54,285 - INFO - 点击元素: ('xpath', '//div[contains(@class, "issue-details-past-tabs") and contains(@class, "year")]//a[text()="2020"]')
2025-10-30 23:30:00,059 - INFO - HTML内容已保存到 html_cache/years/year_2020.html
2025-10-30 23:30:00,083 - INFO - 年份 2020 找到 12 个可能的issue链接
2025-10-30 23:30:00,083 - INFO - 
===== 开始处理年代: 2010s =====
2025-10-30 23:30:01,582 - INFO - 点击元素: ('xpath', '//div[contains(@class, "issue-details-past-tabs") and not(contains(@class, "year"))]//a[text()="2010s"]')
2025-10-30 23:30:03,344 - INFO - HTML内容已保存到 html_cache/decades/decade_2010s.html
2025-10-30 23:30:03,501 - INFO - 年代 2010s 包含年份: ['2019', '2018', '2017', '2016', '2015', '2014', '2013', '2012', '2011', '2010']
2025-10-30 23:30:03,502 - INFO - 处理年份: 2019
2025-10-30 23:30:05,014 - INFO - 点击元素: ('xpath', '//div[contains(@class, "issue-details-past-tabs") and contains(@class, "year")]//a[text()="2019"]')
2025-10-30 23:30:10,445 - INFO - HTML内容已保存到 html_cache/years/year_2019.html
2025-10-30 23:30:10,470 - INFO - 年份 2019 找到 12 个可能的issue链接
2025-10-30 23:30:10,471 - INFO - 处理年份: 2018
2025-10-30 23:30:12,442 - INFO - 点击元素: ('xpath', '//div[contains(@class, "issue-details-past-tabs") and contains(@class, "year")]//a[text()="2018"]')
2025-10-30 23:30:16,406 - INFO - HTML内容已保存到 html_cache/years/year_2018.html
2025-10-30 23:30:16,429 - INFO - 年份 2018 找到 12 个可能的issue链接
2025-10-30 23:30:16,429 - INFO - 处理年份: 2017
2025-10-30 23:30:18,429 - INFO - 点击元素: ('xpath', '//div[contains(@class, "issue-details-past-tabs") and contains(@class, "year")]//a[text()="2017"]')
2025-10-30 23:30:23,852 - INFO - HTML内容已保存到 html_cache/years/year_2017.html
2025-10-30 23:30:23,876 - INFO - 年份 2017 找到 12 个可能的issue链接
2025-10-30 23:30:23,876 - INFO - 处理年份: 2016
2025-10-30 23:30:25,501 - INFO - 点击元素: ('xpath', '//div[contains(@class, "issue-details-past-tabs") and contains(@class, "year")]//a[text()="2016"]')
2025-10-30 23:30:30,273 - INFO - HTML内容已保存到 html_cache/years/year_2016.html
2025-10-30 23:30:30,297 - INFO - 年份 2016 找到 12 个可能的issue链接
2025-10-30 23:30:30,297 - INFO - 处理年份: 2015
2025-10-30 23:30:32,360 - INFO - 点击元素: ('xpath', '//div[contains(@class, "issue-details-past-tabs") and contains(@class, "year")]//a[text()="2015"]')
2025-10-30 23:30:36,671 - INFO - HTML内容已保存到 html_cache/years/year_2015.html
2025-10-30 23:30:36,696 - INFO - 年份 2015 找到 12 个可能的issue链接
2025-10-30 23:30:36,696 - INFO - 处理年份: 2014
2025-10-30 23:30:38,344 - INFO - 点击元素: ('xpath', '//div[contains(@class, "issue-details-past-tabs") and contains(@class, "year")]//a[text()="2014"]')
2025-10-30 23:30:44,164 - INFO - HTML内容已保存到 html_cache/years/year_2014.html
2025-10-30 23:30:44,188 - INFO - 年份 2014 找到 12 个可能的issue链接
2025-10-30 23:30:44,188 - INFO - 处理年份: 2013
2025-10-30 23:30:45,958 - INFO - 点击元素: ('xpath', '//div[contains(@class, "issue-details-past-tabs") and contains(@class, "year")]//a[text()="2013"]')
2025-10-30 23:30:49,617 - INFO - HTML内容已保存到 html_cache/years/year_2013.html
2025-10-30 23:30:49,640 - INFO - 年份 2013 找到 12 个可能的issue链接
2025-10-30 23:30:49,641 - INFO - 处理年份: 2012
2025-10-30 23:30:50,845 - INFO - 点击元素: ('xpath', '//div[contains(@class, "issue-details-past-tabs") and contains(@class, "year")]//a[text()="2012"]')
2025-10-30 23:30:55,361 - INFO - HTML内容已保存到 html_cache/years/year_2012.html
2025-10-30 23:30:55,396 - INFO - 年份 2012 找到 12 个可能的issue链接
2025-10-30 23:30:55,396 - INFO - 处理年份: 2011
2025-10-30 23:30:57,181 - INFO - 点击元素: ('xpath', '//div[contains(@class, "issue-details-past-tabs") and contains(@class, "year")]//a[text()="2011"]')
2025-10-30 23:31:02,486 - INFO - HTML内容已保存到 html_cache/years/year_2011.html
2025-10-30 23:31:02,511 - INFO - 年份 2011 找到 12 个可能的issue链接
2025-10-30 23:31:02,511 - INFO - 处理年份: 2010
2025-10-30 23:31:04,488 - INFO - 点击元素: ('xpath', '//div[contains(@class, "issue-details-past-tabs") and contains(@class, "year")]//a[text()="2010"]')
2025-10-30 23:31:09,637 - INFO - HTML内容已保存到 html_cache/years/year_2010.html
2025-10-30 23:31:09,692 - INFO - 年份 2010 找到 12 个可能的issue链接
2025-10-30 23:31:09,693 - INFO - 
===== 开始处理年代: 2000s =====
2025-10-30 23:31:10,896 - INFO - 点击元素: ('xpath', '//div[contains(@class, "issue-details-past-tabs") and not(contains(@class, "year"))]//a[text()="2000s"]')
2025-10-30 23:31:13,552 - INFO - HTML内容已保存到 html_cache/decades/decade_2000s.html
2025-10-30 23:31:13,769 - INFO - 年代 2000s 包含年份: ['2009', '2008', '2007', '2006', '2005', '2004', '2003', '2002', '2001', '2000']
2025-10-30 23:31:13,770 - INFO - 处理年份: 2009
2025-10-30 23:31:15,072 - INFO - 点击元素: ('xpath', '//div[contains(@class, "issue-details-past-tabs") and contains(@class, "year")]//a[text()="2009"]')
2025-10-30 23:31:19,570 - INFO - HTML内容已保存到 html_cache/years/year_2009.html
2025-10-30 23:31:19,594 - INFO - 年份 2009 找到 12 个可能的issue链接
2025-10-30 23:31:19,595 - INFO - 处理年份: 2008
2025-10-30 23:31:21,308 - INFO - 点击元素: ('xpath', '//div[contains(@class, "issue-details-past-tabs") and contains(@class, "year")]//a[text()="2008"]')
2025-10-30 23:31:24,924 - INFO - HTML内容已保存到 html_cache/years/year_2008.html
2025-10-30 23:31:24,948 - INFO - 年份 2008 找到 12 个可能的issue链接
2025-10-30 23:31:24,949 - INFO - 处理年份: 2007
2025-10-30 23:31:26,835 - INFO - 点击元素: ('xpath', '//div[contains(@class, "issue-details-past-tabs") and contains(@class, "year")]//a[text()="2007"]')
2025-10-30 23:31:33,208 - INFO - HTML内容已保存到 html_cache/years/year_2007.html
2025-10-30 23:31:33,235 - INFO - 年份 2007 找到 12 个可能的issue链接
2025-10-30 23:31:33,236 - INFO - 处理年份: 2006
2025-10-30 23:31:35,095 - INFO - 点击元素: ('xpath', '//div[contains(@class, "issue-details-past-tabs") and contains(@class, "year")]//a[text()="2006"]')
2025-10-30 23:31:41,576 - INFO - HTML内容已保存到 html_cache/years/year_2006.html
2025-10-30 23:31:41,602 - INFO - 年份 2006 找到 12 个可能的issue链接
2025-10-30 23:31:41,602 - INFO - 处理年份: 2005
2025-10-30 23:31:42,799 - INFO - 点击元素: ('xpath', '//div[contains(@class, "issue-details-past-tabs") and contains(@class, "year")]//a[text()="2005"]')
2025-10-30 23:31:48,538 - INFO - HTML内容已保存到 html_cache/years/year_2005.html
2025-10-30 23:31:48,562 - INFO - 年份 2005 找到 12 个可能的issue链接
2025-10-30 23:31:48,562 - INFO - 处理年份: 2004
2025-10-30 23:31:50,039 - INFO - 点击元素: ('xpath', '//div[contains(@class, "issue-details-past-tabs") and contains(@class, "year")]//a[text()="2004"]')
2025-10-30 23:31:54,596 - INFO - HTML内容已保存到 html_cache/years/year_2004.html
2025-10-30 23:31:54,619 - INFO - 年份 2004 找到 12 个可能的issue链接
2025-10-30 23:31:54,620 - INFO - 处理年份: 2003
2025-10-30 23:31:56,606 - INFO - 点击元素: ('xpath', '//div[contains(@class, "issue-details-past-tabs") and contains(@class, "year")]//a[text()="2003"]')
2025-10-30 23:32:03,046 - INFO - HTML内容已保存到 html_cache/years/year_2003.html
2025-10-30 23:32:03,069 - INFO - 年份 2003 找到 12 个可能的issue链接
2025-10-30 23:32:03,070 - INFO - 处理年份: 2002
2025-10-30 23:32:04,913 - INFO - 点击元素: ('xpath', '//div[contains(@class, "issue-details-past-tabs") and contains(@class, "year")]//a[text()="2002"]')
2025-10-30 23:32:10,556 - INFO - HTML内容已保存到 html_cache/years/year_2002.html
2025-10-30 23:32:10,581 - INFO - 年份 2002 找到 12 个可能的issue链接
2025-10-30 23:32:10,581 - INFO - 处理年份: 2001
2025-10-30 23:32:12,441 - INFO - 点击元素: ('xpath', '//div[contains(@class, "issue-details-past-tabs") and contains(@class, "year")]//a[text()="2001"]')
2025-10-30 23:32:16,920 - INFO - HTML内容已保存到 html_cache/years/year_2001.html
2025-10-30 23:32:16,944 - INFO - 年份 2001 找到 12 个可能的issue链接
2025-10-30 23:32:16,945 - INFO - 处理年份: 2000
2025-10-30 23:32:18,642 - INFO - 点击元素: ('xpath', '//div[contains(@class, "issue-details-past-tabs") and contains(@class, "year")]//a[text()="2000"]')
2025-10-30 23:32:25,193 - INFO - HTML内容已保存到 html_cache/years/year_2000.html
2025-10-30 23:32:25,216 - INFO - 年份 2000 找到 12 个可能的issue链接
2025-10-30 23:32:25,216 - INFO - 
===== 开始处理年代: 1990s =====
2025-10-30 23:32:26,500 - INFO - 点击元素: ('xpath', '//div[contains(@class, "issue-details-past-tabs") and not(contains(@class, "year"))]//a[text()="1990s"]')
2025-10-30 23:32:28,395 - INFO - HTML内容已保存到 html_cache/decades/decade_1990s.html
2025-10-30 23:32:28,558 - INFO - 年代 1990s 包含年份: ['1999', '1998', '1997', '1996', '1995', '1994', '1993', '1992', '1991', '1990']
2025-10-30 23:32:28,559 - INFO - 处理年份: 1999
2025-10-30 23:32:29,962 - INFO - 点击元素: ('xpath', '//div[contains(@class, "issue-details-past-tabs") and contains(@class, "year")]//a[text()="1999"]')
2025-10-30 23:32:35,856 - INFO - HTML内容已保存到 html_cache/years/year_1999.html
2025-10-30 23:32:35,879 - INFO - 年份 1999 找到 12 个可能的issue链接
2025-10-30 23:32:35,879 - INFO - 处理年份: 1998
2025-10-30 23:32:37,285 - INFO - 点击元素: ('xpath', '//div[contains(@class, "issue-details-past-tabs") and contains(@class, "year")]//a[text()="1998"]')
2025-10-30 23:32:42,954 - INFO - HTML内容已保存到 html_cache/years/year_1998.html
2025-10-30 23:32:42,977 - INFO - 年份 1998 找到 12 个可能的issue链接
2025-10-30 23:32:42,978 - INFO - 处理年份: 1997
2025-10-30 23:32:44,596 - INFO - 点击元素: ('xpath', '//div[contains(@class, "issue-details-past-tabs") and contains(@class, "year")]//a[text()="1997"]')
2025-10-30 23:32:49,600 - INFO - HTML内容已保存到 html_cache/years/year_1997.html
2025-10-30 23:32:49,626 - INFO - 年份 1997 找到 12 个可能的issue链接
2025-10-30 23:32:49,626 - INFO - 处理年份: 1996
2025-10-30 23:32:51,503 - INFO - 点击元素: ('xpath', '//div[contains(@class, "issue-details-past-tabs") and contains(@class, "year")]//a[text()="1996"]')
2025-10-30 23:32:56,954 - INFO - HTML内容已保存到 html_cache/years/year_1996.html
2025-10-30 23:32:56,977 - INFO - 年份 1996 找到 12 个可能的issue链接
2025-10-30 23:32:56,977 - INFO - 处理年份: 1995
2025-10-30 23:32:58,861 - INFO - 点击元素: ('xpath', '//div[contains(@class, "issue-details-past-tabs") and contains(@class, "year")]//a[text()="1995"]')
2025-10-30 23:33:03,479 - INFO - HTML内容已保存到 html_cache/years/year_1995.html
2025-10-30 23:33:03,502 - INFO - 年份 1995 找到 12 个可能的issue链接
2025-10-30 23:33:03,502 - INFO - 处理年份: 1994
2025-10-30 23:33:05,032 - INFO - 点击元素: ('xpath', '//div[contains(@class, "issue-details-past-tabs") and contains(@class, "year")]//a[text()="1994"]')
2025-10-30 23:33:09,094 - INFO - HTML内容已保存到 html_cache/years/year_1994.html
2025-10-30 23:33:09,117 - INFO - 年份 1994 找到 12 个可能的issue链接
2025-10-30 23:33:09,117 - INFO - 处理年份: 1993
2025-10-30 23:33:10,328 - INFO - 点击元素: ('xpath', '//div[contains(@class, "issue-details-past-tabs") and contains(@class, "year")]//a[text()="1993"]')
2025-10-30 23:33:15,297 - INFO - HTML内容已保存到 html_cache/years/year_1993.html
2025-10-30 23:33:15,322 - INFO - 年份 1993 找到 12 个可能的issue链接
2025-10-30 23:33:15,322 - INFO - 处理年份: 1992
2025-10-30 23:33:17,404 - INFO - 点击元素: ('xpath', '//div[contains(@class, "issue-details-past-tabs") and contains(@class, "year")]//a[text()="1992"]')
2025-10-30 23:33:23,635 - INFO - HTML内容已保存到 html_cache/years/year_1992.html
2025-10-30 23:33:23,659 - INFO - 年份 1992 找到 12 个可能的issue链接
2025-10-30 23:33:23,660 - INFO - 处理年份: 1991
2025-10-30 23:33:25,504 - INFO - 点击元素: ('xpath', '//div[contains(@class, "issue-details-past-tabs") and contains(@class, "year")]//a[text()="1991"]')
2025-10-30 23:33:30,879 - INFO - HTML内容已保存到 html_cache/years/year_1991.html
2025-10-30 23:33:30,904 - INFO - 年份 1991 找到 12 个可能的issue链接
2025-10-30 23:33:30,904 - INFO - 处理年份: 1990
2025-10-30 23:33:32,118 - INFO - 点击元素: ('xpath', '//div[contains(@class, "issue-details-past-tabs") and contains(@class, "year")]//a[text()="1990"]')
2025-10-30 23:33:37,672 - INFO - HTML内容已保存到 html_cache/years/year_1990.html
2025-10-30 23:33:37,696 - INFO - 年份 1990 找到 12 个可能的issue链接
2025-10-30 23:33:37,696 - INFO - 
===== 开始处理年代: 1980s =====
2025-10-30 23:33:39,403 - INFO - 点击元素: ('xpath', '//div[contains(@class, "issue-details-past-tabs") and not(contains(@class, "year"))]//a[text()="1980s"]')
2025-10-30 23:33:41,826 - INFO - HTML内容已保存到 html_cache/decades/decade_1980s.html
2025-10-30 23:33:41,994 - INFO - 年代 1980s 包含年份: ['1989', '1988', '1987', '1986', '1985', '1984', '1983', '1982', '1981', '1980']
2025-10-30 23:33:41,995 - INFO - 处理年份: 1989
2025-10-30 23:33:43,098 - INFO - 点击元素: ('xpath', '//div[contains(@class, "issue-details-past-tabs") and contains(@class, "year")]//a[text()="1989"]')
2025-10-30 23:33:48,417 - INFO - HTML内容已保存到 html_cache/years/year_1989.html
2025-10-30 23:33:48,442 - INFO - 年份 1989 找到 12 个可能的issue链接
2025-10-30 23:33:48,442 - INFO - 处理年份: 1988
2025-10-30 23:33:50,037 - INFO - 点击元素: ('xpath', '//div[contains(@class, "issue-details-past-tabs") and contains(@class, "year")]//a[text()="1988"]')
2025-10-30 23:33:54,001 - INFO - HTML内容已保存到 html_cache/years/year_1988.html
2025-10-30 23:33:54,025 - INFO - 年份 1988 找到 6 个可能的issue链接
2025-10-30 23:33:54,025 - INFO - 处理年份: 1987
2025-10-30 23:33:55,923 - INFO - 点击元素: ('xpath', '//div[contains(@class, "issue-details-past-tabs") and contains(@class, "year")]//a[text()="1987"]')
2025-10-30 23:34:00,904 - INFO - HTML内容已保存到 html_cache/years/year_1987.html
2025-10-30 23:34:00,928 - INFO - 年份 1987 找到 6 个可能的issue链接
2025-10-30 23:34:00,928 - INFO - 处理年份: 1986
2025-10-30 23:34:02,306 - INFO - 点击元素: ('xpath', '//div[contains(@class, "issue-details-past-tabs") and contains(@class, "year")]//a[text()="1986"]')
2025-10-30 23:34:08,804 - INFO - HTML内容已保存到 html_cache/years/year_1986.html
2025-10-30 23:34:08,827 - INFO - 年份 1986 找到 6 个可能的issue链接
2025-10-30 23:34:08,828 - INFO - 处理年份: 1985
2025-10-30 23:34:10,339 - INFO - 点击元素: ('xpath', '//div[contains(@class, "issue-details-past-tabs") and contains(@class, "year")]//a[text()="1985"]')
2025-10-30 23:34:15,760 - INFO - HTML内容已保存到 html_cache/years/year_1985.html
2025-10-30 23:34:15,783 - INFO - 年份 1985 找到 6 个可能的issue链接
2025-10-30 23:34:15,783 - INFO - 处理年份: 1984
2025-10-30 23:34:17,668 - INFO - 点击元素: ('xpath', '//div[contains(@class, "issue-details-past-tabs") and contains(@class, "year")]//a[text()="1984"]')
2025-10-30 23:34:23,267 - INFO - HTML内容已保存到 html_cache/years/year_1984.html
2025-10-30 23:34:23,294 - INFO - 年份 1984 找到 6 个可能的issue链接
2025-10-30 23:34:23,294 - INFO - 处理年份: 1983
2025-10-30 23:34:24,588 - INFO - 点击元素: ('xpath', '//div[contains(@class, "issue-details-past-tabs") and contains(@class, "year")]//a[text()="1983"]')
2025-10-30 23:34:28,955 - INFO - HTML内容已保存到 html_cache/years/year_1983.html
2025-10-30 23:34:28,978 - INFO - 年份 1983 找到 6 个可能的issue链接
2025-10-30 23:34:28,979 - INFO - 处理年份: 1982
2025-10-30 23:34:30,385 - INFO - 点击元素: ('xpath', '//div[contains(@class, "issue-details-past-tabs") and contains(@class, "year")]//a[text()="1982"]')
2025-10-30 23:34:36,721 - INFO - HTML内容已保存到 html_cache/years/year_1982.html
2025-10-30 23:34:36,744 - INFO - 年份 1982 找到 6 个可能的issue链接
2025-10-30 23:34:36,744 - INFO - 处理年份: 1981
2025-10-30 23:34:38,623 - INFO - 点击元素: ('xpath', '//div[contains(@class, "issue-details-past-tabs") and contains(@class, "year")]//a[text()="1981"]')
2025-10-30 23:34:44,352 - INFO - HTML内容已保存到 html_cache/years/year_1981.html
2025-10-30 23:34:44,378 - INFO - 年份 1981 找到 6 个可能的issue链接
2025-10-30 23:34:44,379 - INFO - 处理年份: 1980
2025-10-30 23:34:45,995 - INFO - 点击元素: ('xpath', '//div[contains(@class, "issue-details-past-tabs") and contains(@class, "year")]//a[text()="1980"]')
2025-10-30 23:34:50,544 - INFO - HTML内容已保存到 html_cache/years/year_1980.html
2025-10-30 23:34:50,571 - INFO - 年份 1980 找到 6 个可能的issue链接
2025-10-30 23:34:50,571 - INFO - 
===== 开始处理年代: 1970s =====
2025-10-30 23:34:51,972 - INFO - 点击元素: ('xpath', '//div[contains(@class, "issue-details-past-tabs") and not(contains(@class, "year"))]//a[text()="1970s"]')
2025-10-30 23:34:53,145 - INFO - HTML内容已保存到 html_cache/decades/decade_1970s.html
2025-10-30 23:34:53,168 - INFO - 年代 1970s 包含年份: ['1979']
2025-10-30 23:34:53,169 - INFO - 处理年份: 1979
2025-10-30 23:34:54,698 - INFO - 点击元素: ('xpath', '//div[contains(@class, "issue-details-past-tabs") and contains(@class, "year")]//a[text()="1979"]')
2025-10-30 23:34:59,426 - INFO - HTML内容已保存到 html_cache/years/year_1979.html
2025-10-30 23:34:59,450 - INFO - 年份 1979 找到 4 个可能的issue链接
2025-10-30 23:34:59,451 - INFO - 
===== 提取完成，共获取 506 个期的isnumber =====
2025-10-30 23:34:59,451 - INFO - 获取期 isnumber=10008914 的论文链接...
2025-10-30 23:35:05,535 - INFO - 获取页面 https://ieeexplore.ieee.org/xpl/tocresult.jsp?isnumber=10008914&punumber=34
2025-10-30 23:35:11,201 - INFO - HTML内容已保存到 html_cache/issues/issue_10008914.html
2025-10-30 23:35:11,290 - INFO - 期 10008914 页面内容长度: 556338 字符
2025-10-30 23:35:11,307 - INFO - 使用选择器 div.List-results-items a[href*="/document/"] 找到 139 个论文链接
2025-10-30 23:35:11,316 - INFO - 期 isnumber=10008914 包含 64 篇论文
2025-10-30 23:35:11,316 - INFO - 获取论文详情: https://ieeexplore.ieee.org/document/9745790/
2025-10-30 23:35:21,987 - INFO - 获取页面 https://ieeexplore.ieee.org/document/9745790/
2025-10-30 23:35:24,165 - INFO - HTML内容已保存到 html_cache/papers/paper_9745790.html
2025-10-30 23:35:24,196 - INFO - 获取论文详情: https://ieeexplore.ieee.org/document/9745790/citations?tabFilter=papers#citations
2025-10-30 23:35:29,254 - INFO - 获取页面 https://ieeexplore.ieee.org/document/9745790/citations?tabFilter=papers#citations
2025-10-30 23:35:33,180 - INFO - HTML内容已保存到 html_cache/papers/paper_9745790.html
2025-10-30 23:35:33,212 - INFO - 获取论文详情: https://ieeexplore.ieee.org/document/9745790/media#media
2025-10-30 23:35:37,568 - INFO - 获取页面 https://ieeexplore.ieee.org/document/9745790/media#media
2025-10-30 23:35:42,131 - INFO - HTML内容已保存到 html_cache/papers/paper_9745790.html
2025-10-30 23:35:42,168 - INFO - 获取论文详情: https://ieeexplore.ieee.org/document/9729603/
2025-10-30 23:35:47,084 - INFO - 获取页面 https://ieeexplore.ieee.org/document/9729603/
2025-10-30 23:35:50,705 - INFO - HTML内容已保存到 html_cache/papers/paper_9729603.html
2025-10-30 23:35:50,733 - INFO - 获取论文详情: https://ieeexplore.ieee.org/document/9729603/citations?tabFilter=papers#citations
2025-10-30 23:35:56,968 - INFO - 获取页面 https://ieeexplore.ieee.org/document/9729603/citations?tabFilter=papers#citations
2025-10-30 23:36:01,528 - INFO - HTML内容已保存到 html_cache/papers/paper_9729603.html
2025-10-30 23:36:01,576 - INFO - 获取期 isnumber=10036240 的论文链接...
2025-10-30 23:36:08,329 - INFO - 获取页面 https://ieeexplore.ieee.org/xpl/tocresult.jsp?isnumber=10036240&punumber=34
2025-10-30 23:36:14,546 - INFO - HTML内容已保存到 html_cache/issues/issue_10036240.html
2025-10-30 23:36:14,955 - INFO - 期 10036240 页面内容长度: 570095 字符
2025-10-30 23:36:14,988 - INFO - 使用选择器 div.List-results-items a[href*="/document/"] 找到 137 个论文链接
2025-10-30 23:36:15,004 - INFO - 期 isnumber=10036240 包含 62 篇论文
2025-10-30 23:36:15,004 - INFO - 获取论文详情: https://ieeexplore.ieee.org/document/9792378/
2025-10-30 23:36:18,477 - INFO - 获取页面 https://ieeexplore.ieee.org/document/9792378/
2025-10-30 23:36:25,078 - INFO - HTML内容已保存到 html_cache/papers/paper_9792378.html
2025-10-30 23:36:25,120 - INFO - 获取论文详情: https://ieeexplore.ieee.org/document/9792378/citations?tabFilter=papers#citations
2025-10-30 23:36:33,271 - INFO - 获取页面 https://ieeexplore.ieee.org/document/9792378/citations?tabFilter=papers#citations
2025-10-30 23:36:35,919 - INFO - HTML内容已保存到 html_cache/papers/paper_9792378.html
2025-10-30 23:36:35,952 - INFO - 获取论文详情: https://ieeexplore.ieee.org/document/9792378/media#media
2025-10-30 23:36:44,772 - INFO - 获取页面 https://ieeexplore.ieee.org/document/9792378/media#media
2025-10-30 23:36:47,527 - INFO - HTML内容已保存到 html_cache/papers/paper_9792378.html
2025-10-30 23:36:47,560 - INFO - 获取论文详情: https://ieeexplore.ieee.org/document/9826417/
2025-10-30 23:36:54,742 - INFO - 获取页面 https://ieeexplore.ieee.org/document/9826417/
2025-10-30 23:36:58,829 - INFO - HTML内容已保存到 html_cache/papers/paper_9826417.html
2025-10-30 23:36:58,881 - INFO - 获取论文详情: https://ieeexplore.ieee.org/document/9826417/citations?tabFilter=papers#citations
2025-10-30 23:37:06,735 - INFO - 获取页面 https://ieeexplore.ieee.org/document/9826417/citations?tabFilter=papers#citations
2025-10-30 23:37:11,439 - INFO - HTML内容已保存到 html_cache/papers/paper_9826417.html
2025-10-30 23:37:11,483 - INFO - 获取期 isnumber=10061515 的论文链接...
2025-10-30 23:37:17,394 - INFO - 获取页面 https://ieeexplore.ieee.org/xpl/tocresult.jsp?isnumber=10061515&punumber=34
2025-10-30 23:37:24,390 - INFO - HTML内容已保存到 html_cache/issues/issue_10061515.html
2025-10-30 23:37:24,469 - INFO - 期 10061515 页面内容长度: 552215 字符
2025-10-30 23:37:24,485 - INFO - 使用选择器 div.List-results-items a[href*="/document/"] 找到 135 个论文链接
2025-10-30 23:37:24,493 - INFO - 期 isnumber=10061515 包含 60 篇论文
2025-10-30 23:37:24,494 - INFO - 获取论文详情: https://ieeexplore.ieee.org/document/9847369/
2025-10-30 23:37:29,909 - INFO - 获取页面 https://ieeexplore.ieee.org/document/9847369/
2025-10-30 23:37:32,727 - INFO - HTML内容已保存到 html_cache/papers/paper_9847369.html
2025-10-30 23:37:32,756 - INFO - 获取论文详情: https://ieeexplore.ieee.org/document/9847369/citations?tabFilter=papers#citations
2025-10-30 23:37:38,498 - INFO - 获取页面 https://ieeexplore.ieee.org/document/9847369/citations?tabFilter=papers#citations
2025-10-30 23:37:40,751 - INFO - HTML内容已保存到 html_cache/papers/paper_9847369.html
2025-10-30 23:37:40,791 - INFO - 获取论文详情: https://ieeexplore.ieee.org/document/9468970/
2025-10-30 23:37:46,178 - INFO - 获取页面 https://ieeexplore.ieee.org/document/9468970/
2025-10-30 23:37:49,773 - INFO - HTML内容已保存到 html_cache/papers/paper_9468970.html
2025-10-30 23:37:49,799 - INFO - 获取论文详情: https://ieeexplore.ieee.org/document/9468970/citations?tabFilter=papers#citations
2025-10-30 23:37:55,656 - INFO - 获取页面 https://ieeexplore.ieee.org/document/9468970/citations?tabFilter=papers#citations
2025-10-30 23:37:59,696 - INFO - HTML内容已保存到 html_cache/papers/paper_9468970.html
2025-10-30 23:37:59,728 - INFO - 获取论文详情: https://ieeexplore.ieee.org/document/9869331/
2025-10-30 23:38:04,484 - INFO - 获取页面 https://ieeexplore.ieee.org/document/9869331/
2025-10-30 23:38:07,218 - INFO - HTML内容已保存到 html_cache/papers/paper_9869331.html
2025-10-30 23:38:07,244 - INFO - 爬取完成，共获取 15 篇论文数据
2025-10-30 23:38:09,435 - INFO - 数据已成功保存到 ieee_papers.json
2025-10-30 23:56:59,784 - INFO - ====== WebDriver manager ======
2025-10-30 23:57:02,955 - INFO - Get LATEST chromedriver version for google-chrome
2025-10-30 23:57:03,528 - INFO - Get LATEST chromedriver version for google-chrome
2025-10-30 23:57:03,891 - INFO - Driver [C:\Users\Administrator\.wdm\drivers\chromedriver\win64\142.0.7444.59\chromedriver-win32/chromedriver.exe] found in cache
2025-10-30 23:57:05,088 - INFO - 开始爬取IEEE期刊论文数据...
2025-10-30 23:57:05,089 - INFO - 开始获取所有年代、所有年份的isnumber...
2025-10-30 23:57:05,092 - INFO - 从缓存加载HTML: html_cache/issues_list.html
2025-10-30 23:57:25,662 - ERROR - 获取年代标签失败: Message: 

2025-10-30 23:57:25,675 - INFO - 爬取完成，共获取 0 篇论文数据
2025-10-30 23:57:27,804 - INFO - 数据已成功保存到 ieee_papers.json
